The system is: Darwin - 15.0.0 - x86_64
Compiling the C compiler identification source file "CMakeCCompilerId.c" succeeded.
Compiler: /Applications/Xcode.app/Contents/Developer/Toolchains/XcodeDefault.xctoolchain/usr/bin/cc 
Build flags: 
Id flags: 

The output was:
0


Compilation of the C compiler identification source "CMakeCCompilerId.c" produced "a.out"

The C compiler identification is AppleClang, found in "/Users/yang/Dropbox/Codes/Face Analysis/Face Recognition/dlib-18.18/dlib/matlab/build/CMakeFiles/3.3.2/CompilerIdC/a.out"

Compiling the CXX compiler identification source file "CMakeCXXCompilerId.cpp" succeeded.
Compiler: /Applications/Xcode.app/Contents/Developer/Toolchains/XcodeDefault.xctoolchain/usr/bin/c++ 
Build flags: 
Id flags: 

The output was:
0


Compilation of the CXX compiler identification source "CMakeCXXCompilerId.cpp" produced "a.out"

The CXX compiler identification is AppleClang, found in "/Users/yang/Dropbox/Codes/Face Analysis/Face Recognition/dlib-18.18/dlib/matlab/build/CMakeFiles/3.3.2/CompilerIdCXX/a.out"

Determining if the C compiler works passed with the following output:
Change Dir: /Users/yang/Dropbox/Codes/Face Analysis/Face Recognition/dlib-18.18/dlib/matlab/build/CMakeFiles/CMakeTmp

Run Build Command:"/usr/bin/make" "cmTC_f4c43/fast"
/Applications/Xcode.app/Contents/Developer/usr/bin/make -f CMakeFiles/cmTC_f4c43.dir/build.make CMakeFiles/cmTC_f4c43.dir/build
Building C object CMakeFiles/cmTC_f4c43.dir/testCCompiler.c.o
/Applications/Xcode.app/Contents/Developer/Toolchains/XcodeDefault.xctoolchain/usr/bin/cc   -isysroot /Applications/Xcode.app/Contents/Developer/Platforms/MacOSX.platform/Developer/SDKs/MacOSX10.11.sdk   -o CMakeFiles/cmTC_f4c43.dir/testCCompiler.c.o   -c "/Users/yang/Dropbox/Codes/Face Analysis/Face Recognition/dlib-18.18/dlib/matlab/build/CMakeFiles/CMakeTmp/testCCompiler.c"
Linking C executable cmTC_f4c43
/usr/local/Cellar/cmake/3.3.2/bin/cmake -E cmake_link_script CMakeFiles/cmTC_f4c43.dir/link.txt --verbose=1
/Applications/Xcode.app/Contents/Developer/Toolchains/XcodeDefault.xctoolchain/usr/bin/cc    -isysroot /Applications/Xcode.app/Contents/Developer/Platforms/MacOSX.platform/Developer/SDKs/MacOSX10.11.sdk -Wl,-search_paths_first -Wl,-headerpad_max_install_names   CMakeFiles/cmTC_f4c43.dir/testCCompiler.c.o  -o cmTC_f4c43  


Detecting C compiler ABI info compiled with the following output:
Change Dir: /Users/yang/Dropbox/Codes/Face Analysis/Face Recognition/dlib-18.18/dlib/matlab/build/CMakeFiles/CMakeTmp

Run Build Command:"/usr/bin/make" "cmTC_3b31b/fast"
/Applications/Xcode.app/Contents/Developer/usr/bin/make -f CMakeFiles/cmTC_3b31b.dir/build.make CMakeFiles/cmTC_3b31b.dir/build
Building C object CMakeFiles/cmTC_3b31b.dir/CMakeCCompilerABI.c.o
/Applications/Xcode.app/Contents/Developer/Toolchains/XcodeDefault.xctoolchain/usr/bin/cc   -isysroot /Applications/Xcode.app/Contents/Developer/Platforms/MacOSX.platform/Developer/SDKs/MacOSX10.11.sdk   -o CMakeFiles/cmTC_3b31b.dir/CMakeCCompilerABI.c.o   -c /usr/local/Cellar/cmake/3.3.2/share/cmake/Modules/CMakeCCompilerABI.c
Linking C executable cmTC_3b31b
/usr/local/Cellar/cmake/3.3.2/bin/cmake -E cmake_link_script CMakeFiles/cmTC_3b31b.dir/link.txt --verbose=1
/Applications/Xcode.app/Contents/Developer/Toolchains/XcodeDefault.xctoolchain/usr/bin/cc    -isysroot /Applications/Xcode.app/Contents/Developer/Platforms/MacOSX.platform/Developer/SDKs/MacOSX10.11.sdk -Wl,-search_paths_first -Wl,-headerpad_max_install_names  -v -Wl,-v CMakeFiles/cmTC_3b31b.dir/CMakeCCompilerABI.c.o  -o cmTC_3b31b   
Apple LLVM version 7.0.0 (clang-700.1.76)
Target: x86_64-apple-darwin15.0.0
Thread model: posix
 "/Applications/Xcode.app/Contents/Developer/Toolchains/XcodeDefault.xctoolchain/usr/bin/ld" -demangle -dynamic -arch x86_64 -macosx_version_min 10.11.0 -syslibroot /Applications/Xcode.app/Contents/Developer/Platforms/MacOSX.platform/Developer/SDKs/MacOSX10.11.sdk -o cmTC_3b31b -search_paths_first -headerpad_max_install_names -v CMakeFiles/cmTC_3b31b.dir/CMakeCCompilerABI.c.o -lSystem /Applications/Xcode.app/Contents/Developer/Toolchains/XcodeDefault.xctoolchain/usr/bin/../lib/clang/7.0.0/lib/darwin/libclang_rt.osx.a
@(#)PROGRAM:ld  PROJECT:ld64-253.6
configured to support archs: armv6 armv7 armv7s arm64 i386 x86_64 x86_64h armv6m armv7k armv7m armv7em (tvOS)
Library search paths:
	/Applications/Xcode.app/Contents/Developer/Platforms/MacOSX.platform/Developer/SDKs/MacOSX10.11.sdk/usr/lib
Framework search paths:
	/Applications/Xcode.app/Contents/Developer/Platforms/MacOSX.platform/Developer/SDKs/MacOSX10.11.sdk/System/Library/Frameworks/


Parsed C implicit link information from above output:
  link line regex: [^( *|.*[/\])(ld|([^/\]+-)?ld|collect2)[^/\]*( |$)]
  ignore line: [Change Dir: /Users/yang/Dropbox/Codes/Face Analysis/Face Recognition/dlib-18.18/dlib/matlab/build/CMakeFiles/CMakeTmp]
  ignore line: []
  ignore line: [Run Build Command:"/usr/bin/make" "cmTC_3b31b/fast"]
  ignore line: [/Applications/Xcode.app/Contents/Developer/usr/bin/make -f CMakeFiles/cmTC_3b31b.dir/build.make CMakeFiles/cmTC_3b31b.dir/build]
  ignore line: [Building C object CMakeFiles/cmTC_3b31b.dir/CMakeCCompilerABI.c.o]
  ignore line: [/Applications/Xcode.app/Contents/Developer/Toolchains/XcodeDefault.xctoolchain/usr/bin/cc   -isysroot /Applications/Xcode.app/Contents/Developer/Platforms/MacOSX.platform/Developer/SDKs/MacOSX10.11.sdk   -o CMakeFiles/cmTC_3b31b.dir/CMakeCCompilerABI.c.o   -c /usr/local/Cellar/cmake/3.3.2/share/cmake/Modules/CMakeCCompilerABI.c]
  ignore line: [Linking C executable cmTC_3b31b]
  ignore line: [/usr/local/Cellar/cmake/3.3.2/bin/cmake -E cmake_link_script CMakeFiles/cmTC_3b31b.dir/link.txt --verbose=1]
  ignore line: [/Applications/Xcode.app/Contents/Developer/Toolchains/XcodeDefault.xctoolchain/usr/bin/cc    -isysroot /Applications/Xcode.app/Contents/Developer/Platforms/MacOSX.platform/Developer/SDKs/MacOSX10.11.sdk -Wl,-search_paths_first -Wl,-headerpad_max_install_names  -v -Wl,-v CMakeFiles/cmTC_3b31b.dir/CMakeCCompilerABI.c.o  -o cmTC_3b31b   ]
  ignore line: [Apple LLVM version 7.0.0 (clang-700.1.76)]
  ignore line: [Target: x86_64-apple-darwin15.0.0]
  ignore line: [Thread model: posix]
  link line: [ "/Applications/Xcode.app/Contents/Developer/Toolchains/XcodeDefault.xctoolchain/usr/bin/ld" -demangle -dynamic -arch x86_64 -macosx_version_min 10.11.0 -syslibroot /Applications/Xcode.app/Contents/Developer/Platforms/MacOSX.platform/Developer/SDKs/MacOSX10.11.sdk -o cmTC_3b31b -search_paths_first -headerpad_max_install_names -v CMakeFiles/cmTC_3b31b.dir/CMakeCCompilerABI.c.o -lSystem /Applications/Xcode.app/Contents/Developer/Toolchains/XcodeDefault.xctoolchain/usr/bin/../lib/clang/7.0.0/lib/darwin/libclang_rt.osx.a]
    arg [/Applications/Xcode.app/Contents/Developer/Toolchains/XcodeDefault.xctoolchain/usr/bin/ld] ==> ignore
    arg [-demangle] ==> ignore
    arg [-dynamic] ==> ignore
    arg [-arch] ==> ignore
    arg [x86_64] ==> ignore
    arg [-macosx_version_min] ==> ignore
    arg [10.11.0] ==> ignore
    arg [-syslibroot] ==> ignore
    arg [/Applications/Xcode.app/Contents/Developer/Platforms/MacOSX.platform/Developer/SDKs/MacOSX10.11.sdk] ==> ignore
    arg [-o] ==> ignore
    arg [cmTC_3b31b] ==> ignore
    arg [-search_paths_first] ==> ignore
    arg [-headerpad_max_install_names] ==> ignore
    arg [-v] ==> ignore
    arg [CMakeFiles/cmTC_3b31b.dir/CMakeCCompilerABI.c.o] ==> ignore
    arg [-lSystem] ==> lib [System]
    arg [/Applications/Xcode.app/Contents/Developer/Toolchains/XcodeDefault.xctoolchain/usr/bin/../lib/clang/7.0.0/lib/darwin/libclang_rt.osx.a] ==> lib [/Applications/Xcode.app/Contents/Developer/Toolchains/XcodeDefault.xctoolchain/usr/bin/../lib/clang/7.0.0/lib/darwin/libclang_rt.osx.a]
  Library search paths: [;/Applications/Xcode.app/Contents/Developer/Platforms/MacOSX.platform/Developer/SDKs/MacOSX10.11.sdk/usr/lib]
  Framework search paths: [;/Applications/Xcode.app/Contents/Developer/Platforms/MacOSX.platform/Developer/SDKs/MacOSX10.11.sdk/System/Library/Frameworks/]
  remove lib [System]
  collapse lib [/Applications/Xcode.app/Contents/Developer/Toolchains/XcodeDefault.xctoolchain/usr/bin/../lib/clang/7.0.0/lib/darwin/libclang_rt.osx.a] ==> [/Applications/Xcode.app/Contents/Developer/Toolchains/XcodeDefault.xctoolchain/usr/lib/clang/7.0.0/lib/darwin/libclang_rt.osx.a]
  collapse library dir [/Applications/Xcode.app/Contents/Developer/Platforms/MacOSX.platform/Developer/SDKs/MacOSX10.11.sdk/usr/lib] ==> [/Applications/Xcode.app/Contents/Developer/Platforms/MacOSX.platform/Developer/SDKs/MacOSX10.11.sdk/usr/lib]
  collapse framework dir [/Applications/Xcode.app/Contents/Developer/Platforms/MacOSX.platform/Developer/SDKs/MacOSX10.11.sdk/System/Library/Frameworks/] ==> [/Applications/Xcode.app/Contents/Developer/Platforms/MacOSX.platform/Developer/SDKs/MacOSX10.11.sdk/System/Library/Frameworks]
  implicit libs: [/Applications/Xcode.app/Contents/Developer/Toolchains/XcodeDefault.xctoolchain/usr/lib/clang/7.0.0/lib/darwin/libclang_rt.osx.a]
  implicit dirs: [/Applications/Xcode.app/Contents/Developer/Platforms/MacOSX.platform/Developer/SDKs/MacOSX10.11.sdk/usr/lib]
  implicit fwks: [/Applications/Xcode.app/Contents/Developer/Platforms/MacOSX.platform/Developer/SDKs/MacOSX10.11.sdk/System/Library/Frameworks]




Detecting C [-std=c11] compiler features compiled with the following output:
Change Dir: /Users/yang/Dropbox/Codes/Face Analysis/Face Recognition/dlib-18.18/dlib/matlab/build/CMakeFiles/CMakeTmp

Run Build Command:"/usr/bin/make" "cmTC_7cba4/fast"
/Applications/Xcode.app/Contents/Developer/usr/bin/make -f CMakeFiles/cmTC_7cba4.dir/build.make CMakeFiles/cmTC_7cba4.dir/build
Building C object CMakeFiles/cmTC_7cba4.dir/feature_tests.c.o
/Applications/Xcode.app/Contents/Developer/Toolchains/XcodeDefault.xctoolchain/usr/bin/cc   -isysroot /Applications/Xcode.app/Contents/Developer/Platforms/MacOSX.platform/Developer/SDKs/MacOSX10.11.sdk   -std=c11 -o CMakeFiles/cmTC_7cba4.dir/feature_tests.c.o   -c "/Users/yang/Dropbox/Codes/Face Analysis/Face Recognition/dlib-18.18/dlib/matlab/build/CMakeFiles/feature_tests.c"
Linking C executable cmTC_7cba4
/usr/local/Cellar/cmake/3.3.2/bin/cmake -E cmake_link_script CMakeFiles/cmTC_7cba4.dir/link.txt --verbose=1
/Applications/Xcode.app/Contents/Developer/Toolchains/XcodeDefault.xctoolchain/usr/bin/cc    -isysroot /Applications/Xcode.app/Contents/Developer/Platforms/MacOSX.platform/Developer/SDKs/MacOSX10.11.sdk -Wl,-search_paths_first -Wl,-headerpad_max_install_names   CMakeFiles/cmTC_7cba4.dir/feature_tests.c.o  -o cmTC_7cba4  


    Feature record: C_FEATURE:1c_function_prototypes
    Feature record: C_FEATURE:1c_restrict
    Feature record: C_FEATURE:1c_static_assert
    Feature record: C_FEATURE:1c_variadic_macros


Detecting C [-std=c99] compiler features compiled with the following output:
Change Dir: /Users/yang/Dropbox/Codes/Face Analysis/Face Recognition/dlib-18.18/dlib/matlab/build/CMakeFiles/CMakeTmp

Run Build Command:"/usr/bin/make" "cmTC_ae4f5/fast"
/Applications/Xcode.app/Contents/Developer/usr/bin/make -f CMakeFiles/cmTC_ae4f5.dir/build.make CMakeFiles/cmTC_ae4f5.dir/build
Building C object CMakeFiles/cmTC_ae4f5.dir/feature_tests.c.o
/Applications/Xcode.app/Contents/Developer/Toolchains/XcodeDefault.xctoolchain/usr/bin/cc   -isysroot /Applications/Xcode.app/Contents/Developer/Platforms/MacOSX.platform/Developer/SDKs/MacOSX10.11.sdk   -std=c99 -o CMakeFiles/cmTC_ae4f5.dir/feature_tests.c.o   -c "/Users/yang/Dropbox/Codes/Face Analysis/Face Recognition/dlib-18.18/dlib/matlab/build/CMakeFiles/feature_tests.c"
Linking C executable cmTC_ae4f5
/usr/local/Cellar/cmake/3.3.2/bin/cmake -E cmake_link_script CMakeFiles/cmTC_ae4f5.dir/link.txt --verbose=1
/Applications/Xcode.app/Contents/Developer/Toolchains/XcodeDefault.xctoolchain/usr/bin/cc    -isysroot /Applications/Xcode.app/Contents/Developer/Platforms/MacOSX.platform/Developer/SDKs/MacOSX10.11.sdk -Wl,-search_paths_first -Wl,-headerpad_max_install_names   CMakeFiles/cmTC_ae4f5.dir/feature_tests.c.o  -o cmTC_ae4f5  


    Feature record: C_FEATURE:1c_function_prototypes
    Feature record: C_FEATURE:1c_restrict
    Feature record: C_FEATURE:0c_static_assert
    Feature record: C_FEATURE:1c_variadic_macros


Detecting C [-std=c90] compiler features compiled with the following output:
Change Dir: /Users/yang/Dropbox/Codes/Face Analysis/Face Recognition/dlib-18.18/dlib/matlab/build/CMakeFiles/CMakeTmp

Run Build Command:"/usr/bin/make" "cmTC_b1878/fast"
/Applications/Xcode.app/Contents/Developer/usr/bin/make -f CMakeFiles/cmTC_b1878.dir/build.make CMakeFiles/cmTC_b1878.dir/build
Building C object CMakeFiles/cmTC_b1878.dir/feature_tests.c.o
/Applications/Xcode.app/Contents/Developer/Toolchains/XcodeDefault.xctoolchain/usr/bin/cc   -isysroot /Applications/Xcode.app/Contents/Developer/Platforms/MacOSX.platform/Developer/SDKs/MacOSX10.11.sdk   -std=c90 -o CMakeFiles/cmTC_b1878.dir/feature_tests.c.o   -c "/Users/yang/Dropbox/Codes/Face Analysis/Face Recognition/dlib-18.18/dlib/matlab/build/CMakeFiles/feature_tests.c"
Linking C executable cmTC_b1878
/usr/local/Cellar/cmake/3.3.2/bin/cmake -E cmake_link_script CMakeFiles/cmTC_b1878.dir/link.txt --verbose=1
/Applications/Xcode.app/Contents/Developer/Toolchains/XcodeDefault.xctoolchain/usr/bin/cc    -isysroot /Applications/Xcode.app/Contents/Developer/Platforms/MacOSX.platform/Developer/SDKs/MacOSX10.11.sdk -Wl,-search_paths_first -Wl,-headerpad_max_install_names   CMakeFiles/cmTC_b1878.dir/feature_tests.c.o  -o cmTC_b1878  


    Feature record: C_FEATURE:1c_function_prototypes
    Feature record: C_FEATURE:0c_restrict
    Feature record: C_FEATURE:0c_static_assert
    Feature record: C_FEATURE:0c_variadic_macros
Determining if the CXX compiler works passed with the following output:
Change Dir: /Users/yang/Dropbox/Codes/Face Analysis/Face Recognition/dlib-18.18/dlib/matlab/build/CMakeFiles/CMakeTmp

Run Build Command:"/usr/bin/make" "cmTC_37ae9/fast"
/Applications/Xcode.app/Contents/Developer/usr/bin/make -f CMakeFiles/cmTC_37ae9.dir/build.make CMakeFiles/cmTC_37ae9.dir/build
Building CXX object CMakeFiles/cmTC_37ae9.dir/testCXXCompiler.cxx.o
/Applications/Xcode.app/Contents/Developer/Toolchains/XcodeDefault.xctoolchain/usr/bin/c++    -isysroot /Applications/Xcode.app/Contents/Developer/Platforms/MacOSX.platform/Developer/SDKs/MacOSX10.11.sdk   -o CMakeFiles/cmTC_37ae9.dir/testCXXCompiler.cxx.o -c "/Users/yang/Dropbox/Codes/Face Analysis/Face Recognition/dlib-18.18/dlib/matlab/build/CMakeFiles/CMakeTmp/testCXXCompiler.cxx"
Linking CXX executable cmTC_37ae9
/usr/local/Cellar/cmake/3.3.2/bin/cmake -E cmake_link_script CMakeFiles/cmTC_37ae9.dir/link.txt --verbose=1
/Applications/Xcode.app/Contents/Developer/Toolchains/XcodeDefault.xctoolchain/usr/bin/c++     -isysroot /Applications/Xcode.app/Contents/Developer/Platforms/MacOSX.platform/Developer/SDKs/MacOSX10.11.sdk -Wl,-search_paths_first -Wl,-headerpad_max_install_names   CMakeFiles/cmTC_37ae9.dir/testCXXCompiler.cxx.o  -o cmTC_37ae9  


Detecting CXX compiler ABI info compiled with the following output:
Change Dir: /Users/yang/Dropbox/Codes/Face Analysis/Face Recognition/dlib-18.18/dlib/matlab/build/CMakeFiles/CMakeTmp

Run Build Command:"/usr/bin/make" "cmTC_898e2/fast"
/Applications/Xcode.app/Contents/Developer/usr/bin/make -f CMakeFiles/cmTC_898e2.dir/build.make CMakeFiles/cmTC_898e2.dir/build
Building CXX object CMakeFiles/cmTC_898e2.dir/CMakeCXXCompilerABI.cpp.o
/Applications/Xcode.app/Contents/Developer/Toolchains/XcodeDefault.xctoolchain/usr/bin/c++    -isysroot /Applications/Xcode.app/Contents/Developer/Platforms/MacOSX.platform/Developer/SDKs/MacOSX10.11.sdk   -o CMakeFiles/cmTC_898e2.dir/CMakeCXXCompilerABI.cpp.o -c /usr/local/Cellar/cmake/3.3.2/share/cmake/Modules/CMakeCXXCompilerABI.cpp
Linking CXX executable cmTC_898e2
/usr/local/Cellar/cmake/3.3.2/bin/cmake -E cmake_link_script CMakeFiles/cmTC_898e2.dir/link.txt --verbose=1
/Applications/Xcode.app/Contents/Developer/Toolchains/XcodeDefault.xctoolchain/usr/bin/c++     -isysroot /Applications/Xcode.app/Contents/Developer/Platforms/MacOSX.platform/Developer/SDKs/MacOSX10.11.sdk -Wl,-search_paths_first -Wl,-headerpad_max_install_names  -v -Wl,-v CMakeFiles/cmTC_898e2.dir/CMakeCXXCompilerABI.cpp.o  -o cmTC_898e2   
Apple LLVM version 7.0.0 (clang-700.1.76)
Target: x86_64-apple-darwin15.0.0
Thread model: posix
 "/Applications/Xcode.app/Contents/Developer/Toolchains/XcodeDefault.xctoolchain/usr/bin/ld" -demangle -dynamic -arch x86_64 -macosx_version_min 10.11.0 -syslibroot /Applications/Xcode.app/Contents/Developer/Platforms/MacOSX.platform/Developer/SDKs/MacOSX10.11.sdk -o cmTC_898e2 -search_paths_first -headerpad_max_install_names -v CMakeFiles/cmTC_898e2.dir/CMakeCXXCompilerABI.cpp.o -lc++ -lSystem /Applications/Xcode.app/Contents/Developer/Toolchains/XcodeDefault.xctoolchain/usr/bin/../lib/clang/7.0.0/lib/darwin/libclang_rt.osx.a
@(#)PROGRAM:ld  PROJECT:ld64-253.6
configured to support archs: armv6 armv7 armv7s arm64 i386 x86_64 x86_64h armv6m armv7k armv7m armv7em (tvOS)
Library search paths:
	/Applications/Xcode.app/Contents/Developer/Platforms/MacOSX.platform/Developer/SDKs/MacOSX10.11.sdk/usr/lib
Framework search paths:
	/Applications/Xcode.app/Contents/Developer/Platforms/MacOSX.platform/Developer/SDKs/MacOSX10.11.sdk/System/Library/Frameworks/


Parsed CXX implicit link information from above output:
  link line regex: [^( *|.*[/\])(ld|([^/\]+-)?ld|collect2)[^/\]*( |$)]
  ignore line: [Change Dir: /Users/yang/Dropbox/Codes/Face Analysis/Face Recognition/dlib-18.18/dlib/matlab/build/CMakeFiles/CMakeTmp]
  ignore line: []
  ignore line: [Run Build Command:"/usr/bin/make" "cmTC_898e2/fast"]
  ignore line: [/Applications/Xcode.app/Contents/Developer/usr/bin/make -f CMakeFiles/cmTC_898e2.dir/build.make CMakeFiles/cmTC_898e2.dir/build]
  ignore line: [Building CXX object CMakeFiles/cmTC_898e2.dir/CMakeCXXCompilerABI.cpp.o]
  ignore line: [/Applications/Xcode.app/Contents/Developer/Toolchains/XcodeDefault.xctoolchain/usr/bin/c++    -isysroot /Applications/Xcode.app/Contents/Developer/Platforms/MacOSX.platform/Developer/SDKs/MacOSX10.11.sdk   -o CMakeFiles/cmTC_898e2.dir/CMakeCXXCompilerABI.cpp.o -c /usr/local/Cellar/cmake/3.3.2/share/cmake/Modules/CMakeCXXCompilerABI.cpp]
  ignore line: [Linking CXX executable cmTC_898e2]
  ignore line: [/usr/local/Cellar/cmake/3.3.2/bin/cmake -E cmake_link_script CMakeFiles/cmTC_898e2.dir/link.txt --verbose=1]
  ignore line: [/Applications/Xcode.app/Contents/Developer/Toolchains/XcodeDefault.xctoolchain/usr/bin/c++     -isysroot /Applications/Xcode.app/Contents/Developer/Platforms/MacOSX.platform/Developer/SDKs/MacOSX10.11.sdk -Wl,-search_paths_first -Wl,-headerpad_max_install_names  -v -Wl,-v CMakeFiles/cmTC_898e2.dir/CMakeCXXCompilerABI.cpp.o  -o cmTC_898e2   ]
  ignore line: [Apple LLVM version 7.0.0 (clang-700.1.76)]
  ignore line: [Target: x86_64-apple-darwin15.0.0]
  ignore line: [Thread model: posix]
  link line: [ "/Applications/Xcode.app/Contents/Developer/Toolchains/XcodeDefault.xctoolchain/usr/bin/ld" -demangle -dynamic -arch x86_64 -macosx_version_min 10.11.0 -syslibroot /Applications/Xcode.app/Contents/Developer/Platforms/MacOSX.platform/Developer/SDKs/MacOSX10.11.sdk -o cmTC_898e2 -search_paths_first -headerpad_max_install_names -v CMakeFiles/cmTC_898e2.dir/CMakeCXXCompilerABI.cpp.o -lc++ -lSystem /Applications/Xcode.app/Contents/Developer/Toolchains/XcodeDefault.xctoolchain/usr/bin/../lib/clang/7.0.0/lib/darwin/libclang_rt.osx.a]
    arg [/Applications/Xcode.app/Contents/Developer/Toolchains/XcodeDefault.xctoolchain/usr/bin/ld] ==> ignore
    arg [-demangle] ==> ignore
    arg [-dynamic] ==> ignore
    arg [-arch] ==> ignore
    arg [x86_64] ==> ignore
    arg [-macosx_version_min] ==> ignore
    arg [10.11.0] ==> ignore
    arg [-syslibroot] ==> ignore
    arg [/Applications/Xcode.app/Contents/Developer/Platforms/MacOSX.platform/Developer/SDKs/MacOSX10.11.sdk] ==> ignore
    arg [-o] ==> ignore
    arg [cmTC_898e2] ==> ignore
    arg [-search_paths_first] ==> ignore
    arg [-headerpad_max_install_names] ==> ignore
    arg [-v] ==> ignore
    arg [CMakeFiles/cmTC_898e2.dir/CMakeCXXCompilerABI.cpp.o] ==> ignore
    arg [-lc++] ==> lib [c++]
    arg [-lSystem] ==> lib [System]
    arg [/Applications/Xcode.app/Contents/Developer/Toolchains/XcodeDefault.xctoolchain/usr/bin/../lib/clang/7.0.0/lib/darwin/libclang_rt.osx.a] ==> lib [/Applications/Xcode.app/Contents/Developer/Toolchains/XcodeDefault.xctoolchain/usr/bin/../lib/clang/7.0.0/lib/darwin/libclang_rt.osx.a]
  Library search paths: [;/Applications/Xcode.app/Contents/Developer/Platforms/MacOSX.platform/Developer/SDKs/MacOSX10.11.sdk/usr/lib]
  Framework search paths: [;/Applications/Xcode.app/Contents/Developer/Platforms/MacOSX.platform/Developer/SDKs/MacOSX10.11.sdk/System/Library/Frameworks/]
  remove lib [System]
  collapse lib [/Applications/Xcode.app/Contents/Developer/Toolchains/XcodeDefault.xctoolchain/usr/bin/../lib/clang/7.0.0/lib/darwin/libclang_rt.osx.a] ==> [/Applications/Xcode.app/Contents/Developer/Toolchains/XcodeDefault.xctoolchain/usr/lib/clang/7.0.0/lib/darwin/libclang_rt.osx.a]
  collapse library dir [/Applications/Xcode.app/Contents/Developer/Platforms/MacOSX.platform/Developer/SDKs/MacOSX10.11.sdk/usr/lib] ==> [/Applications/Xcode.app/Contents/Developer/Platforms/MacOSX.platform/Developer/SDKs/MacOSX10.11.sdk/usr/lib]
  collapse framework dir [/Applications/Xcode.app/Contents/Developer/Platforms/MacOSX.platform/Developer/SDKs/MacOSX10.11.sdk/System/Library/Frameworks/] ==> [/Applications/Xcode.app/Contents/Developer/Platforms/MacOSX.platform/Developer/SDKs/MacOSX10.11.sdk/System/Library/Frameworks]
  implicit libs: [c++;/Applications/Xcode.app/Contents/Developer/Toolchains/XcodeDefault.xctoolchain/usr/lib/clang/7.0.0/lib/darwin/libclang_rt.osx.a]
  implicit dirs: [/Applications/Xcode.app/Contents/Developer/Platforms/MacOSX.platform/Developer/SDKs/MacOSX10.11.sdk/usr/lib]
  implicit fwks: [/Applications/Xcode.app/Contents/Developer/Platforms/MacOSX.platform/Developer/SDKs/MacOSX10.11.sdk/System/Library/Frameworks]




Detecting CXX [-std=c++1y] compiler features compiled with the following output:
Change Dir: /Users/yang/Dropbox/Codes/Face Analysis/Face Recognition/dlib-18.18/dlib/matlab/build/CMakeFiles/CMakeTmp

Run Build Command:"/usr/bin/make" "cmTC_5e5ba/fast"
/Applications/Xcode.app/Contents/Developer/usr/bin/make -f CMakeFiles/cmTC_5e5ba.dir/build.make CMakeFiles/cmTC_5e5ba.dir/build
Building CXX object CMakeFiles/cmTC_5e5ba.dir/feature_tests.cxx.o
/Applications/Xcode.app/Contents/Developer/Toolchains/XcodeDefault.xctoolchain/usr/bin/c++    -isysroot /Applications/Xcode.app/Contents/Developer/Platforms/MacOSX.platform/Developer/SDKs/MacOSX10.11.sdk   -std=c++1y -o CMakeFiles/cmTC_5e5ba.dir/feature_tests.cxx.o -c "/Users/yang/Dropbox/Codes/Face Analysis/Face Recognition/dlib-18.18/dlib/matlab/build/CMakeFiles/feature_tests.cxx"
Linking CXX executable cmTC_5e5ba
/usr/local/Cellar/cmake/3.3.2/bin/cmake -E cmake_link_script CMakeFiles/cmTC_5e5ba.dir/link.txt --verbose=1
/Applications/Xcode.app/Contents/Developer/Toolchains/XcodeDefault.xctoolchain/usr/bin/c++     -isysroot /Applications/Xcode.app/Contents/Developer/Platforms/MacOSX.platform/Developer/SDKs/MacOSX10.11.sdk -Wl,-search_paths_first -Wl,-headerpad_max_install_names   CMakeFiles/cmTC_5e5ba.dir/feature_tests.cxx.o  -o cmTC_5e5ba  


    Feature record: CXX_FEATURE:1cxx_aggregate_default_initializers
    Feature record: CXX_FEATURE:1cxx_alias_templates
    Feature record: CXX_FEATURE:1cxx_alignas
    Feature record: CXX_FEATURE:1cxx_alignof
    Feature record: CXX_FEATURE:1cxx_attributes
    Feature record: CXX_FEATURE:1cxx_attribute_deprecated
    Feature record: CXX_FEATURE:1cxx_auto_type
    Feature record: CXX_FEATURE:1cxx_binary_literals
    Feature record: CXX_FEATURE:1cxx_constexpr
    Feature record: CXX_FEATURE:1cxx_contextual_conversions
    Feature record: CXX_FEATURE:1cxx_decltype
    Feature record: CXX_FEATURE:1cxx_decltype_auto
    Feature record: CXX_FEATURE:1cxx_decltype_incomplete_return_types
    Feature record: CXX_FEATURE:1cxx_default_function_template_args
    Feature record: CXX_FEATURE:1cxx_defaulted_functions
    Feature record: CXX_FEATURE:1cxx_defaulted_move_initializers
    Feature record: CXX_FEATURE:1cxx_delegating_constructors
    Feature record: CXX_FEATURE:1cxx_deleted_functions
    Feature record: CXX_FEATURE:1cxx_digit_separators
    Feature record: CXX_FEATURE:1cxx_enum_forward_declarations
    Feature record: CXX_FEATURE:1cxx_explicit_conversions
    Feature record: CXX_FEATURE:1cxx_extended_friend_declarations
    Feature record: CXX_FEATURE:1cxx_extern_templates
    Feature record: CXX_FEATURE:1cxx_final
    Feature record: CXX_FEATURE:1cxx_func_identifier
    Feature record: CXX_FEATURE:1cxx_generalized_initializers
    Feature record: CXX_FEATURE:1cxx_generic_lambdas
    Feature record: CXX_FEATURE:1cxx_inheriting_constructors
    Feature record: CXX_FEATURE:1cxx_inline_namespaces
    Feature record: CXX_FEATURE:1cxx_lambdas
    Feature record: CXX_FEATURE:1cxx_lambda_init_captures
    Feature record: CXX_FEATURE:1cxx_local_type_template_args
    Feature record: CXX_FEATURE:1cxx_long_long_type
    Feature record: CXX_FEATURE:1cxx_noexcept
    Feature record: CXX_FEATURE:1cxx_nonstatic_member_init
    Feature record: CXX_FEATURE:1cxx_nullptr
    Feature record: CXX_FEATURE:1cxx_override
    Feature record: CXX_FEATURE:1cxx_range_for
    Feature record: CXX_FEATURE:1cxx_raw_string_literals
    Feature record: CXX_FEATURE:1cxx_reference_qualified_functions
    Feature record: CXX_FEATURE:1cxx_relaxed_constexpr
    Feature record: CXX_FEATURE:1cxx_return_type_deduction
    Feature record: CXX_FEATURE:1cxx_right_angle_brackets
    Feature record: CXX_FEATURE:1cxx_rvalue_references
    Feature record: CXX_FEATURE:1cxx_sizeof_member
    Feature record: CXX_FEATURE:1cxx_static_assert
    Feature record: CXX_FEATURE:1cxx_strong_enums
    Feature record: CXX_FEATURE:1cxx_template_template_parameters
    Feature record: CXX_FEATURE:0cxx_thread_local
    Feature record: CXX_FEATURE:1cxx_trailing_return_types
    Feature record: CXX_FEATURE:1cxx_unicode_literals
    Feature record: CXX_FEATURE:1cxx_uniform_initialization
    Feature record: CXX_FEATURE:1cxx_unrestricted_unions
    Feature record: CXX_FEATURE:1cxx_user_literals
    Feature record: CXX_FEATURE:1cxx_variable_templates
    Feature record: CXX_FEATURE:1cxx_variadic_macros
    Feature record: CXX_FEATURE:1cxx_variadic_templates


Detecting CXX [-std=c++11] compiler features compiled with the following output:
Change Dir: /Users/yang/Dropbox/Codes/Face Analysis/Face Recognition/dlib-18.18/dlib/matlab/build/CMakeFiles/CMakeTmp

Run Build Command:"/usr/bin/make" "cmTC_0d550/fast"
/Applications/Xcode.app/Contents/Developer/usr/bin/make -f CMakeFiles/cmTC_0d550.dir/build.make CMakeFiles/cmTC_0d550.dir/build
Building CXX object CMakeFiles/cmTC_0d550.dir/feature_tests.cxx.o
/Applications/Xcode.app/Contents/Developer/Toolchains/XcodeDefault.xctoolchain/usr/bin/c++    -isysroot /Applications/Xcode.app/Contents/Developer/Platforms/MacOSX.platform/Developer/SDKs/MacOSX10.11.sdk   -std=c++11 -o CMakeFiles/cmTC_0d550.dir/feature_tests.cxx.o -c "/Users/yang/Dropbox/Codes/Face Analysis/Face Recognition/dlib-18.18/dlib/matlab/build/CMakeFiles/feature_tests.cxx"
Linking CXX executable cmTC_0d550
/usr/local/Cellar/cmake/3.3.2/bin/cmake -E cmake_link_script CMakeFiles/cmTC_0d550.dir/link.txt --verbose=1
/Applications/Xcode.app/Contents/Developer/Toolchains/XcodeDefault.xctoolchain/usr/bin/c++     -isysroot /Applications/Xcode.app/Contents/Developer/Platforms/MacOSX.platform/Developer/SDKs/MacOSX10.11.sdk -Wl,-search_paths_first -Wl,-headerpad_max_install_names   CMakeFiles/cmTC_0d550.dir/feature_tests.cxx.o  -o cmTC_0d550  


    Feature record: CXX_FEATURE:0cxx_aggregate_default_initializers
    Feature record: CXX_FEATURE:1cxx_alias_templates
    Feature record: CXX_FEATURE:1cxx_alignas
    Feature record: CXX_FEATURE:1cxx_alignof
    Feature record: CXX_FEATURE:1cxx_attributes
    Feature record: CXX_FEATURE:0cxx_attribute_deprecated
    Feature record: CXX_FEATURE:1cxx_auto_type
    Feature record: CXX_FEATURE:0cxx_binary_literals
    Feature record: CXX_FEATURE:1cxx_constexpr
    Feature record: CXX_FEATURE:0cxx_contextual_conversions
    Feature record: CXX_FEATURE:1cxx_decltype
    Feature record: CXX_FEATURE:0cxx_decltype_auto
    Feature record: CXX_FEATURE:1cxx_decltype_incomplete_return_types
    Feature record: CXX_FEATURE:1cxx_default_function_template_args
    Feature record: CXX_FEATURE:1cxx_defaulted_functions
    Feature record: CXX_FEATURE:1cxx_defaulted_move_initializers
    Feature record: CXX_FEATURE:1cxx_delegating_constructors
    Feature record: CXX_FEATURE:1cxx_deleted_functions
    Feature record: CXX_FEATURE:0cxx_digit_separators
    Feature record: CXX_FEATURE:1cxx_enum_forward_declarations
    Feature record: CXX_FEATURE:1cxx_explicit_conversions
    Feature record: CXX_FEATURE:1cxx_extended_friend_declarations
    Feature record: CXX_FEATURE:1cxx_extern_templates
    Feature record: CXX_FEATURE:1cxx_final
    Feature record: CXX_FEATURE:1cxx_func_identifier
    Feature record: CXX_FEATURE:1cxx_generalized_initializers
    Feature record: CXX_FEATURE:0cxx_generic_lambdas
    Feature record: CXX_FEATURE:1cxx_inheriting_constructors
    Feature record: CXX_FEATURE:1cxx_inline_namespaces
    Feature record: CXX_FEATURE:1cxx_lambdas
    Feature record: CXX_FEATURE:0cxx_lambda_init_captures
    Feature record: CXX_FEATURE:1cxx_local_type_template_args
    Feature record: CXX_FEATURE:1cxx_long_long_type
    Feature record: CXX_FEATURE:1cxx_noexcept
    Feature record: CXX_FEATURE:1cxx_nonstatic_member_init
    Feature record: CXX_FEATURE:1cxx_nullptr
    Feature record: CXX_FEATURE:1cxx_override
    Feature record: CXX_FEATURE:1cxx_range_for
    Feature record: CXX_FEATURE:1cxx_raw_string_literals
    Feature record: CXX_FEATURE:1cxx_reference_qualified_functions
    Feature record: CXX_FEATURE:0cxx_relaxed_constexpr
    Feature record: CXX_FEATURE:0cxx_return_type_deduction
    Feature record: CXX_FEATURE:1cxx_right_angle_brackets
    Feature record: CXX_FEATURE:1cxx_rvalue_references
    Feature record: CXX_FEATURE:1cxx_sizeof_member
    Feature record: CXX_FEATURE:1cxx_static_assert
    Feature record: CXX_FEATURE:1cxx_strong_enums
    Feature record: CXX_FEATURE:1cxx_template_template_parameters
    Feature record: CXX_FEATURE:0cxx_thread_local
    Feature record: CXX_FEATURE:1cxx_trailing_return_types
    Feature record: CXX_FEATURE:1cxx_unicode_literals
    Feature record: CXX_FEATURE:1cxx_uniform_initialization
    Feature record: CXX_FEATURE:1cxx_unrestricted_unions
    Feature record: CXX_FEATURE:1cxx_user_literals
    Feature record: CXX_FEATURE:0cxx_variable_templates
    Feature record: CXX_FEATURE:1cxx_variadic_macros
    Feature record: CXX_FEATURE:1cxx_variadic_templates


Detecting CXX [-std=c++98] compiler features compiled with the following output:
Change Dir: /Users/yang/Dropbox/Codes/Face Analysis/Face Recognition/dlib-18.18/dlib/matlab/build/CMakeFiles/CMakeTmp

Run Build Command:"/usr/bin/make" "cmTC_95365/fast"
/Applications/Xcode.app/Contents/Developer/usr/bin/make -f CMakeFiles/cmTC_95365.dir/build.make CMakeFiles/cmTC_95365.dir/build
Building CXX object CMakeFiles/cmTC_95365.dir/feature_tests.cxx.o
/Applications/Xcode.app/Contents/Developer/Toolchains/XcodeDefault.xctoolchain/usr/bin/c++    -isysroot /Applications/Xcode.app/Contents/Developer/Platforms/MacOSX.platform/Developer/SDKs/MacOSX10.11.sdk   -std=c++98 -o CMakeFiles/cmTC_95365.dir/feature_tests.cxx.o -c "/Users/yang/Dropbox/Codes/Face Analysis/Face Recognition/dlib-18.18/dlib/matlab/build/CMakeFiles/feature_tests.cxx"
Linking CXX executable cmTC_95365
/usr/local/Cellar/cmake/3.3.2/bin/cmake -E cmake_link_script CMakeFiles/cmTC_95365.dir/link.txt --verbose=1
/Applications/Xcode.app/Contents/Developer/Toolchains/XcodeDefault.xctoolchain/usr/bin/c++     -isysroot /Applications/Xcode.app/Contents/Developer/Platforms/MacOSX.platform/Developer/SDKs/MacOSX10.11.sdk -Wl,-search_paths_first -Wl,-headerpad_max_install_names   CMakeFiles/cmTC_95365.dir/feature_tests.cxx.o  -o cmTC_95365  


    Feature record: CXX_FEATURE:0cxx_aggregate_default_initializers
    Feature record: CXX_FEATURE:0cxx_alias_templates
    Feature record: CXX_FEATURE:0cxx_alignas
    Feature record: CXX_FEATURE:0cxx_alignof
    Feature record: CXX_FEATURE:0cxx_attributes
    Feature record: CXX_FEATURE:0cxx_attribute_deprecated
    Feature record: CXX_FEATURE:0cxx_auto_type
    Feature record: CXX_FEATURE:0cxx_binary_literals
    Feature record: CXX_FEATURE:0cxx_constexpr
    Feature record: CXX_FEATURE:0cxx_contextual_conversions
    Feature record: CXX_FEATURE:0cxx_decltype
    Feature record: CXX_FEATURE:0cxx_decltype_auto
    Feature record: CXX_FEATURE:0cxx_decltype_incomplete_return_types
    Feature record: CXX_FEATURE:0cxx_default_function_template_args
    Feature record: CXX_FEATURE:0cxx_defaulted_functions
    Feature record: CXX_FEATURE:0cxx_defaulted_move_initializers
    Feature record: CXX_FEATURE:0cxx_delegating_constructors
    Feature record: CXX_FEATURE:0cxx_deleted_functions
    Feature record: CXX_FEATURE:0cxx_digit_separators
    Feature record: CXX_FEATURE:0cxx_enum_forward_declarations
    Feature record: CXX_FEATURE:0cxx_explicit_conversions
    Feature record: CXX_FEATURE:0cxx_extended_friend_declarations
    Feature record: CXX_FEATURE:0cxx_extern_templates
    Feature record: CXX_FEATURE:0cxx_final
    Feature record: CXX_FEATURE:0cxx_func_identifier
    Feature record: CXX_FEATURE:0cxx_generalized_initializers
    Feature record: CXX_FEATURE:0cxx_generic_lambdas
    Feature record: CXX_FEATURE:0cxx_inheriting_constructors
    Feature record: CXX_FEATURE:0cxx_inline_namespaces
    Feature record: CXX_FEATURE:0cxx_lambdas
    Feature record: CXX_FEATURE:0cxx_lambda_init_captures
    Feature record: CXX_FEATURE:0cxx_local_type_template_args
    Feature record: CXX_FEATURE:0cxx_long_long_type
    Feature record: CXX_FEATURE:0cxx_noexcept
    Feature record: CXX_FEATURE:0cxx_nonstatic_member_init
    Feature record: CXX_FEATURE:0cxx_nullptr
    Feature record: CXX_FEATURE:0cxx_override
    Feature record: CXX_FEATURE:0cxx_range_for
    Feature record: CXX_FEATURE:0cxx_raw_string_literals
    Feature record: CXX_FEATURE:0cxx_reference_qualified_functions
    Feature record: CXX_FEATURE:0cxx_relaxed_constexpr
    Feature record: CXX_FEATURE:0cxx_return_type_deduction
    Feature record: CXX_FEATURE:0cxx_right_angle_brackets
    Feature record: CXX_FEATURE:0cxx_rvalue_references
    Feature record: CXX_FEATURE:0cxx_sizeof_member
    Feature record: CXX_FEATURE:0cxx_static_assert
    Feature record: CXX_FEATURE:0cxx_strong_enums
    Feature record: CXX_FEATURE:1cxx_template_template_parameters
    Feature record: CXX_FEATURE:0cxx_thread_local
    Feature record: CXX_FEATURE:0cxx_trailing_return_types
    Feature record: CXX_FEATURE:0cxx_unicode_literals
    Feature record: CXX_FEATURE:0cxx_uniform_initialization
    Feature record: CXX_FEATURE:0cxx_unrestricted_unions
    Feature record: CXX_FEATURE:0cxx_user_literals
    Feature record: CXX_FEATURE:0cxx_variable_templates
    Feature record: CXX_FEATURE:0cxx_variadic_macros
    Feature record: CXX_FEATURE:0cxx_variadic_templates
Determining if the function png_create_read_struct exists passed with the following output:
Change Dir: /Users/yang/Dropbox/Codes/Face Analysis/Face Recognition/dlib-18.18/dlib/matlab/build/CMakeFiles/CMakeTmp

Run Build Command:"/usr/bin/make" "cmTC_baeb0/fast"
/Applications/Xcode.app/Contents/Developer/usr/bin/make -f CMakeFiles/cmTC_baeb0.dir/build.make CMakeFiles/cmTC_baeb0.dir/build
Building C object CMakeFiles/cmTC_baeb0.dir/CheckFunctionExists.c.o
/Applications/Xcode.app/Contents/Developer/Toolchains/XcodeDefault.xctoolchain/usr/bin/cc   -DCHECK_FUNCTION_EXISTS=png_create_read_struct -isysroot /Applications/Xcode.app/Contents/Developer/Platforms/MacOSX.platform/Developer/SDKs/MacOSX10.11.sdk   -o CMakeFiles/cmTC_baeb0.dir/CheckFunctionExists.c.o   -c /usr/local/Cellar/cmake/3.3.2/share/cmake/Modules/CheckFunctionExists.c
Linking C executable cmTC_baeb0
/usr/local/Cellar/cmake/3.3.2/bin/cmake -E cmake_link_script CMakeFiles/cmTC_baeb0.dir/link.txt --verbose=1
/Applications/Xcode.app/Contents/Developer/Toolchains/XcodeDefault.xctoolchain/usr/bin/cc   -DCHECK_FUNCTION_EXISTS=png_create_read_struct -isysroot /Applications/Xcode.app/Contents/Developer/Platforms/MacOSX.platform/Developer/SDKs/MacOSX10.11.sdk -Wl,-search_paths_first -Wl,-headerpad_max_install_names   CMakeFiles/cmTC_baeb0.dir/CheckFunctionExists.c.o  -o cmTC_baeb0  /usr/local/lib/libpng.dylib 


Determining if the function jpeg_read_header exists passed with the following output:
Change Dir: /Users/yang/Dropbox/Codes/Face Analysis/Face Recognition/dlib-18.18/dlib/matlab/build/CMakeFiles/CMakeTmp

Run Build Command:"/usr/bin/make" "cmTC_7cea9/fast"
/Applications/Xcode.app/Contents/Developer/usr/bin/make -f CMakeFiles/cmTC_7cea9.dir/build.make CMakeFiles/cmTC_7cea9.dir/build
Building C object CMakeFiles/cmTC_7cea9.dir/CheckFunctionExists.c.o
/Applications/Xcode.app/Contents/Developer/Toolchains/XcodeDefault.xctoolchain/usr/bin/cc   -DCHECK_FUNCTION_EXISTS=jpeg_read_header -isysroot /Applications/Xcode.app/Contents/Developer/Platforms/MacOSX.platform/Developer/SDKs/MacOSX10.11.sdk   -o CMakeFiles/cmTC_7cea9.dir/CheckFunctionExists.c.o   -c /usr/local/Cellar/cmake/3.3.2/share/cmake/Modules/CheckFunctionExists.c
Linking C executable cmTC_7cea9
/usr/local/Cellar/cmake/3.3.2/bin/cmake -E cmake_link_script CMakeFiles/cmTC_7cea9.dir/link.txt --verbose=1
/Applications/Xcode.app/Contents/Developer/Toolchains/XcodeDefault.xctoolchain/usr/bin/cc   -DCHECK_FUNCTION_EXISTS=jpeg_read_header -isysroot /Applications/Xcode.app/Contents/Developer/Platforms/MacOSX.platform/Developer/SDKs/MacOSX10.11.sdk -Wl,-search_paths_first -Wl,-headerpad_max_install_names   CMakeFiles/cmTC_7cea9.dir/CheckFunctionExists.c.o  -o cmTC_7cea9  /usr/local/lib/libjpeg.dylib 


Determining if the include file sys/types.h exists passed with the following output:
Change Dir: /Users/yang/Dropbox/Codes/Face Analysis/Face Recognition/dlib-18.18/dlib/matlab/build/CMakeFiles/CMakeTmp

Run Build Command:"/usr/bin/make" "cmTC_1af19/fast"
/Applications/Xcode.app/Contents/Developer/usr/bin/make -f CMakeFiles/cmTC_1af19.dir/build.make CMakeFiles/cmTC_1af19.dir/build
Building C object CMakeFiles/cmTC_1af19.dir/CheckIncludeFile.c.o
/Applications/Xcode.app/Contents/Developer/Toolchains/XcodeDefault.xctoolchain/usr/bin/cc   -isysroot /Applications/Xcode.app/Contents/Developer/Platforms/MacOSX.platform/Developer/SDKs/MacOSX10.11.sdk   -o CMakeFiles/cmTC_1af19.dir/CheckIncludeFile.c.o   -c "/Users/yang/Dropbox/Codes/Face Analysis/Face Recognition/dlib-18.18/dlib/matlab/build/CMakeFiles/CMakeTmp/CheckIncludeFile.c"
Linking C executable cmTC_1af19
/usr/local/Cellar/cmake/3.3.2/bin/cmake -E cmake_link_script CMakeFiles/cmTC_1af19.dir/link.txt --verbose=1
/Applications/Xcode.app/Contents/Developer/Toolchains/XcodeDefault.xctoolchain/usr/bin/cc    -isysroot /Applications/Xcode.app/Contents/Developer/Platforms/MacOSX.platform/Developer/SDKs/MacOSX10.11.sdk -Wl,-search_paths_first -Wl,-headerpad_max_install_names   CMakeFiles/cmTC_1af19.dir/CheckIncludeFile.c.o  -o cmTC_1af19  


Determining if the include file stdint.h exists passed with the following output:
Change Dir: /Users/yang/Dropbox/Codes/Face Analysis/Face Recognition/dlib-18.18/dlib/matlab/build/CMakeFiles/CMakeTmp

Run Build Command:"/usr/bin/make" "cmTC_6fb20/fast"
/Applications/Xcode.app/Contents/Developer/usr/bin/make -f CMakeFiles/cmTC_6fb20.dir/build.make CMakeFiles/cmTC_6fb20.dir/build
Building C object CMakeFiles/cmTC_6fb20.dir/CheckIncludeFile.c.o
/Applications/Xcode.app/Contents/Developer/Toolchains/XcodeDefault.xctoolchain/usr/bin/cc   -isysroot /Applications/Xcode.app/Contents/Developer/Platforms/MacOSX.platform/Developer/SDKs/MacOSX10.11.sdk   -o CMakeFiles/cmTC_6fb20.dir/CheckIncludeFile.c.o   -c "/Users/yang/Dropbox/Codes/Face Analysis/Face Recognition/dlib-18.18/dlib/matlab/build/CMakeFiles/CMakeTmp/CheckIncludeFile.c"
Linking C executable cmTC_6fb20
/usr/local/Cellar/cmake/3.3.2/bin/cmake -E cmake_link_script CMakeFiles/cmTC_6fb20.dir/link.txt --verbose=1
/Applications/Xcode.app/Contents/Developer/Toolchains/XcodeDefault.xctoolchain/usr/bin/cc    -isysroot /Applications/Xcode.app/Contents/Developer/Platforms/MacOSX.platform/Developer/SDKs/MacOSX10.11.sdk -Wl,-search_paths_first -Wl,-headerpad_max_install_names   CMakeFiles/cmTC_6fb20.dir/CheckIncludeFile.c.o  -o cmTC_6fb20  


Determining if the include file stddef.h exists passed with the following output:
Change Dir: /Users/yang/Dropbox/Codes/Face Analysis/Face Recognition/dlib-18.18/dlib/matlab/build/CMakeFiles/CMakeTmp

Run Build Command:"/usr/bin/make" "cmTC_6d8bc/fast"
/Applications/Xcode.app/Contents/Developer/usr/bin/make -f CMakeFiles/cmTC_6d8bc.dir/build.make CMakeFiles/cmTC_6d8bc.dir/build
Building C object CMakeFiles/cmTC_6d8bc.dir/CheckIncludeFile.c.o
/Applications/Xcode.app/Contents/Developer/Toolchains/XcodeDefault.xctoolchain/usr/bin/cc   -isysroot /Applications/Xcode.app/Contents/Developer/Platforms/MacOSX.platform/Developer/SDKs/MacOSX10.11.sdk   -o CMakeFiles/cmTC_6d8bc.dir/CheckIncludeFile.c.o   -c "/Users/yang/Dropbox/Codes/Face Analysis/Face Recognition/dlib-18.18/dlib/matlab/build/CMakeFiles/CMakeTmp/CheckIncludeFile.c"
Linking C executable cmTC_6d8bc
/usr/local/Cellar/cmake/3.3.2/bin/cmake -E cmake_link_script CMakeFiles/cmTC_6d8bc.dir/link.txt --verbose=1
/Applications/Xcode.app/Contents/Developer/Toolchains/XcodeDefault.xctoolchain/usr/bin/cc    -isysroot /Applications/Xcode.app/Contents/Developer/Platforms/MacOSX.platform/Developer/SDKs/MacOSX10.11.sdk -Wl,-search_paths_first -Wl,-headerpad_max_install_names   CMakeFiles/cmTC_6d8bc.dir/CheckIncludeFile.c.o  -o cmTC_6d8bc  


Determining size of void* passed with the following output:
Change Dir: /Users/yang/Dropbox/Codes/Face Analysis/Face Recognition/dlib-18.18/dlib/matlab/build/CMakeFiles/CMakeTmp

Run Build Command:"/usr/bin/make" "cmTC_34592/fast"
/Applications/Xcode.app/Contents/Developer/usr/bin/make -f CMakeFiles/cmTC_34592.dir/build.make CMakeFiles/cmTC_34592.dir/build
Building C object CMakeFiles/cmTC_34592.dir/SIZE_OF_VOID_PTR.c.o
/Applications/Xcode.app/Contents/Developer/Toolchains/XcodeDefault.xctoolchain/usr/bin/cc   -isysroot /Applications/Xcode.app/Contents/Developer/Platforms/MacOSX.platform/Developer/SDKs/MacOSX10.11.sdk   -o CMakeFiles/cmTC_34592.dir/SIZE_OF_VOID_PTR.c.o   -c "/Users/yang/Dropbox/Codes/Face Analysis/Face Recognition/dlib-18.18/dlib/matlab/build/CMakeFiles/CheckTypeSize/SIZE_OF_VOID_PTR.c"
Linking C executable cmTC_34592
/usr/local/Cellar/cmake/3.3.2/bin/cmake -E cmake_link_script CMakeFiles/cmTC_34592.dir/link.txt --verbose=1
/Applications/Xcode.app/Contents/Developer/Toolchains/XcodeDefault.xctoolchain/usr/bin/cc    -isysroot /Applications/Xcode.app/Contents/Developer/Platforms/MacOSX.platform/Developer/SDKs/MacOSX10.11.sdk -Wl,-search_paths_first -Wl,-headerpad_max_install_names   CMakeFiles/cmTC_34592.dir/SIZE_OF_VOID_PTR.c.o  -o cmTC_34592  /usr/local/lib/libjpeg.dylib 


Determining if the function cblas_ddot exists passed with the following output:
Change Dir: /Users/yang/Dropbox/Codes/Face Analysis/Face Recognition/dlib-18.18/dlib/matlab/build/CMakeFiles/CMakeTmp

Run Build Command:"/usr/bin/make" "cmTC_217cc/fast"
/Applications/Xcode.app/Contents/Developer/usr/bin/make -f CMakeFiles/cmTC_217cc.dir/build.make CMakeFiles/cmTC_217cc.dir/build
Building C object CMakeFiles/cmTC_217cc.dir/CheckFunctionExists.c.o
/Applications/Xcode.app/Contents/Developer/Toolchains/XcodeDefault.xctoolchain/usr/bin/cc   -DCHECK_FUNCTION_EXISTS=cblas_ddot -isysroot /Applications/Xcode.app/Contents/Developer/Platforms/MacOSX.platform/Developer/SDKs/MacOSX10.11.sdk   -o CMakeFiles/cmTC_217cc.dir/CheckFunctionExists.c.o   -c /usr/local/Cellar/cmake/3.3.2/share/cmake/Modules/CheckFunctionExists.c
Linking C executable cmTC_217cc
/usr/local/Cellar/cmake/3.3.2/bin/cmake -E cmake_link_script CMakeFiles/cmTC_217cc.dir/link.txt --verbose=1
/Applications/Xcode.app/Contents/Developer/Toolchains/XcodeDefault.xctoolchain/usr/bin/cc   -DCHECK_FUNCTION_EXISTS=cblas_ddot -isysroot /Applications/Xcode.app/Contents/Developer/Platforms/MacOSX.platform/Developer/SDKs/MacOSX10.11.sdk -Wl,-search_paths_first -Wl,-headerpad_max_install_names   CMakeFiles/cmTC_217cc.dir/CheckFunctionExists.c.o  -o cmTC_217cc  /usr/lib/libcblas.dylib 


Determining if the CXX compiler has std namespace passed with the following output:
Change Dir: /Users/yang/Dropbox/Codes/Face Analysis/Face Recognition/dlib-18.18/dlib/matlab/build/CMakeFiles/CMakeTmp

Run Build Command:"/usr/bin/make" "cmTC_e277f/fast"
/Applications/Xcode.app/Contents/Developer/usr/bin/make -f CMakeFiles/cmTC_e277f.dir/build.make CMakeFiles/cmTC_e277f.dir/build
Building CXX object CMakeFiles/cmTC_e277f.dir/TestForSTDNamespace.cxx.o
/Applications/Xcode.app/Contents/Developer/Toolchains/XcodeDefault.xctoolchain/usr/bin/c++    -isysroot /Applications/Xcode.app/Contents/Developer/Platforms/MacOSX.platform/Developer/SDKs/MacOSX10.11.sdk   -o CMakeFiles/cmTC_e277f.dir/TestForSTDNamespace.cxx.o -c /usr/local/Cellar/cmake/3.3.2/share/cmake/Modules/TestForSTDNamespace.cxx
Linking CXX executable cmTC_e277f
/usr/local/Cellar/cmake/3.3.2/bin/cmake -E cmake_link_script CMakeFiles/cmTC_e277f.dir/link.txt --verbose=1
/Applications/Xcode.app/Contents/Developer/Toolchains/XcodeDefault.xctoolchain/usr/bin/c++     -isysroot /Applications/Xcode.app/Contents/Developer/Platforms/MacOSX.platform/Developer/SDKs/MacOSX10.11.sdk -Wl,-search_paths_first -Wl,-headerpad_max_install_names   CMakeFiles/cmTC_e277f.dir/TestForSTDNamespace.cxx.o  -o cmTC_e277f  


Determining if the include file iostream exists passed with the following output:
Change Dir: /Users/yang/Dropbox/Codes/Face Analysis/Face Recognition/dlib-18.18/dlib/matlab/build/CMakeFiles/CMakeTmp

Run Build Command:"/usr/bin/make" "cmTC_b77e6/fast"
/Applications/Xcode.app/Contents/Developer/usr/bin/make -f CMakeFiles/cmTC_b77e6.dir/build.make CMakeFiles/cmTC_b77e6.dir/build
Building CXX object CMakeFiles/cmTC_b77e6.dir/CheckIncludeFile.cxx.o
/Applications/Xcode.app/Contents/Developer/Toolchains/XcodeDefault.xctoolchain/usr/bin/c++    -isysroot /Applications/Xcode.app/Contents/Developer/Platforms/MacOSX.platform/Developer/SDKs/MacOSX10.11.sdk   -o CMakeFiles/cmTC_b77e6.dir/CheckIncludeFile.cxx.o -c "/Users/yang/Dropbox/Codes/Face Analysis/Face Recognition/dlib-18.18/dlib/matlab/build/CMakeFiles/CMakeTmp/CheckIncludeFile.cxx"
Linking CXX executable cmTC_b77e6
/usr/local/Cellar/cmake/3.3.2/bin/cmake -E cmake_link_script CMakeFiles/cmTC_b77e6.dir/link.txt --verbose=1
/Applications/Xcode.app/Contents/Developer/Toolchains/XcodeDefault.xctoolchain/usr/bin/c++     -isysroot /Applications/Xcode.app/Contents/Developer/Platforms/MacOSX.platform/Developer/SDKs/MacOSX10.11.sdk -Wl,-search_paths_first -Wl,-headerpad_max_install_names   CMakeFiles/cmTC_b77e6.dir/CheckIncludeFile.cxx.o  -o cmTC_b77e6  


